2003.08.14 10:28 B D:\Inkatown\nurtrophy\public_html\tracking\images\button_submit.gif <--  /public_html/tracking/images button_submit.gif
2003.08.14 10:28 B D:\Inkatown\nurtrophy\public_html\tracking\images\logo.gif <--  /public_html/tracking/images logo.gif
2003.08.14 10:28 B D:\Inkatown\nurtrophy\public_html\tracking\images\pills.jpg <--  /public_html/tracking/images pills.jpg
2003.08.14 10:28 B D:\Inkatown\nurtrophy\public_html\tracking\images\reports.jpg <--  /public_html/tracking/images reports.jpg
2003.08.14 10:28 B D:\Inkatown\nurtrophy\public_html\tracking\images\topBanner.jpg <--  /public_html/tracking/images topBanner.jpg
2003.08.14 10:28 B D:\Inkatown\nurtrophy\public_html\tracking\images\topbannertracking.jpg <--  /public_html/tracking/images topbannertracking.jpg
2003.08.14 10:28 B D:\Inkatown\nurtrophy\public_html\tracking\images\trackingaddbutton.jpg <--  /public_html/tracking/images trackingaddbutton.jpg
2003.08.14 10:28 B D:\Inkatown\nurtrophy\public_html\tracking\images\trackingclonerecordbutton.jpg <--  /public_html/tracking/images trackingclonerecordbutton.jpg
2003.08.14 10:28 B D:\Inkatown\nurtrophy\public_html\tracking\images\trackingcodebutton.jpg <--  /public_html/tracking/images trackingcodebutton.jpg
2003.08.14 10:28 B D:\Inkatown\nurtrophy\public_html\tracking\images\trackingdeletebutton.jpg <--  /public_html/tracking/images trackingdeletebutton.jpg
2003.08.14 10:28 B D:\Inkatown\nurtrophy\public_html\tracking\images\trackingloginnamebutton.jpg <--  /public_html/tracking/images trackingloginnamebutton.jpg
2003.08.14 10:28 B D:\Inkatown\nurtrophy\public_html\tracking\images\trackingnamebutton.jpg <--  /public_html/tracking/images trackingnamebutton.jpg
2003.08.14 10:28 B D:\Inkatown\nurtrophy\public_html\tracking\images\trackingsearchbutton.jpg <--  /public_html/tracking/images trackingsearchbutton.jpg
2003.08.14 10:28 B D:\Inkatown\nurtrophy\public_html\tracking\images\trackingvieweditbutton.jpg <--  /public_html/tracking/images trackingvieweditbutton.jpg
2003.08.14 10:34 B D:\Inkatown\nurtrophy\public_html\tracking\images\button_submit.gif --> staging.nutrophy.com /public_html/tracking/images button_submit.gif
2003.08.14 10:34 B D:\Inkatown\nurtrophy\public_html\tracking\images\logo.gif --> staging.nutrophy.com /public_html/tracking/images logo.gif
2003.08.14 10:34 B D:\Inkatown\nurtrophy\public_html\tracking\images\pills.jpg --> staging.nutrophy.com /public_html/tracking/images pills.jpg
2003.08.14 10:34 B D:\Inkatown\nurtrophy\public_html\tracking\images\reports.jpg --> staging.nutrophy.com /public_html/tracking/images reports.jpg
2003.08.14 10:34 B D:\Inkatown\nurtrophy\public_html\tracking\images\topBanner.jpg --> staging.nutrophy.com /public_html/tracking/images topBanner.jpg
2003.08.14 10:34 B D:\Inkatown\nurtrophy\public_html\tracking\images\topbannertracking.jpg --> staging.nutrophy.com /public_html/tracking/images topbannertracking.jpg
2003.08.14 10:34 B D:\Inkatown\nurtrophy\public_html\tracking\images\trackingaddbutton.jpg --> staging.nutrophy.com /public_html/tracking/images trackingaddbutton.jpg
2003.08.14 10:34 B D:\Inkatown\nurtrophy\public_html\tracking\images\trackingclonerecordbutton.jpg --> staging.nutrophy.com /public_html/tracking/images trackingclonerecordbutton.jpg
2003.08.14 10:34 B D:\Inkatown\nurtrophy\public_html\tracking\images\trackingcodebutton.jpg --> staging.nutrophy.com /public_html/tracking/images trackingcodebutton.jpg
2003.08.14 10:34 B D:\Inkatown\nurtrophy\public_html\tracking\images\trackingdeletebutton.jpg --> staging.nutrophy.com /public_html/tracking/images trackingdeletebutton.jpg
2003.08.14 10:34 B D:\Inkatown\nurtrophy\public_html\tracking\images\trackingloginnamebutton.jpg --> staging.nutrophy.com /public_html/tracking/images trackingloginnamebutton.jpg
2003.08.14 10:34 B D:\Inkatown\nurtrophy\public_html\tracking\images\trackingnamebutton.jpg --> staging.nutrophy.com /public_html/tracking/images trackingnamebutton.jpg
2003.08.14 10:34 B D:\Inkatown\nurtrophy\public_html\tracking\images\trackingsearchbutton.jpg --> staging.nutrophy.com /public_html/tracking/images trackingsearchbutton.jpg
2003.08.14 10:34 B D:\Inkatown\nurtrophy\public_html\tracking\images\trackingvieweditbutton.jpg --> staging.nutrophy.com /public_html/tracking/images trackingvieweditbutton.jpg
2003.08.14 10:34 B D:\Inkatown\nurtrophy\public_html\tracking\images\WS_FTP.LOG --> staging.nutrophy.com /public_html/tracking/images WS_FTP.LOG
