2003.08.14 10:28 B D:\Inkatown\nurtrophy\public_html\tracking\index.php <--  /public_html/tracking index.php
2003.08.14 10:28 B D:\Inkatown\nurtrophy\public_html\tracking\trackincampaignsupd.php <--  /public_html/tracking trackincampaignsupd.php
2003.08.14 10:28 B D:\Inkatown\nurtrophy\public_html\tracking\trackingcampaignsasign.php <--  /public_html/tracking trackingcampaignsasign.php
2003.08.14 10:28 B D:\Inkatown\nurtrophy\public_html\tracking\trackingcampaignsform.php <--  /public_html/tracking trackingcampaignsform.php
2003.08.14 10:28 B D:\Inkatown\nurtrophy\public_html\tracking\trackingcampaignsform.php~ <--  /public_html/tracking trackingcampaignsform.php~
2003.08.14 10:28 B D:\Inkatown\nurtrophy\public_html\tracking\trackingcampaignsins.php <--  /public_html/tracking trackingcampaignsins.php
2003.08.14 10:28 B D:\Inkatown\nurtrophy\public_html\tracking\trackingcampaignslistbody.php <--  /public_html/tracking trackingcampaignslistbody.php
2003.08.14 10:28 B D:\Inkatown\nurtrophy\public_html\tracking\trackingcampaignslisttop.php <--  /public_html/tracking trackingcampaignslisttop.php
2003.08.14 10:28 B D:\Inkatown\nurtrophy\public_html\tracking\trackingcampaignsmap.php <--  /public_html/tracking trackingcampaignsmap.php
2003.08.14 10:28 B D:\Inkatown\nurtrophy\public_html\tracking\trackingcampaignspost.php <--  /public_html/tracking trackingcampaignspost.php
2003.08.14 10:28 B D:\Inkatown\nurtrophy\public_html\tracking\trackingcampaignsupd.php <--  /public_html/tracking trackingcampaignsupd.php
2003.08.14 10:28 B D:\Inkatown\nurtrophy\public_html\tracking\trackingcenter.htm <--  /public_html/tracking trackingcenter.htm
2003.08.14 10:28 B D:\Inkatown\nurtrophy\public_html\tracking\trackingcommoninc.php <--  /public_html/tracking trackingcommoninc.php
2003.08.14 10:28 B D:\Inkatown\nurtrophy\public_html\tracking\trackingcreatedb.php <--  /public_html/tracking trackingcreatedb.php
2003.08.14 10:28 B D:\Inkatown\nurtrophy\public_html\tracking\trackingdbsec.php <--  /public_html/tracking trackingdbsec.php
2003.08.14 10:28 B D:\Inkatown\nurtrophy\public_html\tracking\trackingentities.php <--  /public_html/tracking trackingentities.php
2003.08.14 10:28 B D:\Inkatown\nurtrophy\public_html\tracking\trackinglogin.php <--  /public_html/tracking trackinglogin.php
2003.08.14 10:28 B D:\Inkatown\nurtrophy\public_html\tracking\trackingrhandler.php <--  /public_html/tracking trackingrhandler.php
2003.08.14 10:28 B D:\Inkatown\nurtrophy\public_html\tracking\trackingsecurity.php <--  /public_html/tracking trackingsecurity.php
2003.08.14 10:28 B D:\Inkatown\nurtrophy\public_html\tracking\trackingsetcookie.php <--  /public_html/tracking trackingsetcookie.php
2003.08.14 10:28 B D:\Inkatown\nurtrophy\public_html\tracking\trackingtopmenu.htm <--  /public_html/tracking trackingtopmenu.htm
2003.08.14 10:29 B D:\Inkatown\nurtrophy\public_html\tracking\trackingurlsasign.php <--  /public_html/tracking trackingurlsasign.php
2003.08.14 10:29 B D:\Inkatown\nurtrophy\public_html\tracking\trackingurlsform.php <--  /public_html/tracking trackingurlsform.php
2003.08.14 10:29 B D:\Inkatown\nurtrophy\public_html\tracking\trackingurlsins.php <--  /public_html/tracking trackingurlsins.php
2003.08.14 10:29 B D:\Inkatown\nurtrophy\public_html\tracking\trackingurlslistbody.php <--  /public_html/tracking trackingurlslistbody.php
2003.08.14 10:29 B D:\Inkatown\nurtrophy\public_html\tracking\trackingurlslisttop.php <--  /public_html/tracking trackingurlslisttop.php
2003.08.14 10:29 B D:\Inkatown\nurtrophy\public_html\tracking\trackingurlsmap.php <--  /public_html/tracking trackingurlsmap.php
2003.08.14 10:29 B D:\Inkatown\nurtrophy\public_html\tracking\trackingurlspost.php <--  /public_html/tracking trackingurlspost.php
2003.08.14 10:29 B D:\Inkatown\nurtrophy\public_html\tracking\trackingurlsupd.php <--  /public_html/tracking trackingurlsupd.php
2003.08.14 10:29 B D:\Inkatown\nurtrophy\public_html\tracking\trackingusersasign.php <--  /public_html/tracking trackingusersasign.php
2003.08.14 10:29 B D:\Inkatown\nurtrophy\public_html\tracking\trackingusersform.php <--  /public_html/tracking trackingusersform.php
2003.08.14 10:29 B D:\Inkatown\nurtrophy\public_html\tracking\trackingusersins.php <--  /public_html/tracking trackingusersins.php
2003.08.14 10:29 B D:\Inkatown\nurtrophy\public_html\tracking\trackinguserslistbody.php <--  /public_html/tracking trackinguserslistbody.php
2003.08.14 10:29 B D:\Inkatown\nurtrophy\public_html\tracking\trackinguserslisttop.php <--  /public_html/tracking trackinguserslisttop.php
2003.08.14 10:29 B D:\Inkatown\nurtrophy\public_html\tracking\trackingusersmap.php <--  /public_html/tracking trackingusersmap.php
2003.08.14 10:29 B D:\Inkatown\nurtrophy\public_html\tracking\trackinguserspost.php <--  /public_html/tracking trackinguserspost.php
2003.08.14 10:29 B D:\Inkatown\nurtrophy\public_html\tracking\trackingusersupd.php <--  /public_html/tracking trackingusersupd.php
2003.08.14 10:29 B D:\Inkatown\nurtrophy\public_html\tracking\trendstats.php <--  /public_html/tracking trendstats.php
2003.08.14 10:34 B D:\Inkatown\nurtrophy\public_html\tracking\index.php --> staging.nutrophy.com /public_html/tracking index.php
2003.08.14 10:34 B D:\Inkatown\nurtrophy\public_html\tracking\trackincampaignsupd.php --> staging.nutrophy.com /public_html/tracking trackincampaignsupd.php
2003.08.14 10:34 B D:\Inkatown\nurtrophy\public_html\tracking\trackingcampaignsasign.php --> staging.nutrophy.com /public_html/tracking trackingcampaignsasign.php
2003.08.14 10:34 B D:\Inkatown\nurtrophy\public_html\tracking\trackingcampaignsform.php --> staging.nutrophy.com /public_html/tracking trackingcampaignsform.php
2003.08.14 10:34 B D:\Inkatown\nurtrophy\public_html\tracking\trackingcampaignsform.php~ --> staging.nutrophy.com /public_html/tracking trackingcampaignsform.php~
2003.08.14 10:34 B D:\Inkatown\nurtrophy\public_html\tracking\trackingcampaignsins.php --> staging.nutrophy.com /public_html/tracking trackingcampaignsins.php
2003.08.14 10:34 B D:\Inkatown\nurtrophy\public_html\tracking\trackingcampaignslistbody.php --> staging.nutrophy.com /public_html/tracking trackingcampaignslistbody.php
2003.08.14 10:34 B D:\Inkatown\nurtrophy\public_html\tracking\trackingcampaignslisttop.php --> staging.nutrophy.com /public_html/tracking trackingcampaignslisttop.php
2003.08.14 10:34 B D:\Inkatown\nurtrophy\public_html\tracking\trackingcampaignsmap.php --> staging.nutrophy.com /public_html/tracking trackingcampaignsmap.php
2003.08.14 10:34 B D:\Inkatown\nurtrophy\public_html\tracking\trackingcampaignspost.php --> staging.nutrophy.com /public_html/tracking trackingcampaignspost.php
2003.08.14 10:34 B D:\Inkatown\nurtrophy\public_html\tracking\trackingcampaignsupd.php --> staging.nutrophy.com /public_html/tracking trackingcampaignsupd.php
2003.08.14 10:34 B D:\Inkatown\nurtrophy\public_html\tracking\trackingcenter.htm --> staging.nutrophy.com /public_html/tracking trackingcenter.htm
2003.08.14 10:34 B D:\Inkatown\nurtrophy\public_html\tracking\trackingcommoninc.php --> staging.nutrophy.com /public_html/tracking trackingcommoninc.php
2003.08.14 10:34 B D:\Inkatown\nurtrophy\public_html\tracking\trackingcreatedb.php --> staging.nutrophy.com /public_html/tracking trackingcreatedb.php
2003.08.14 10:34 B D:\Inkatown\nurtrophy\public_html\tracking\trackingdbsec.php --> staging.nutrophy.com /public_html/tracking trackingdbsec.php
2003.08.14 10:34 B D:\Inkatown\nurtrophy\public_html\tracking\trackingentities.php --> staging.nutrophy.com /public_html/tracking trackingentities.php
2003.08.14 10:34 B D:\Inkatown\nurtrophy\public_html\tracking\trackinglogin.php --> staging.nutrophy.com /public_html/tracking trackinglogin.php
2003.08.14 10:35 B D:\Inkatown\nurtrophy\public_html\tracking\trackingrhandler.php --> staging.nutrophy.com /public_html/tracking trackingrhandler.php
2003.08.14 10:35 B D:\Inkatown\nurtrophy\public_html\tracking\trackingsecurity.php --> staging.nutrophy.com /public_html/tracking trackingsecurity.php
2003.08.14 10:35 B D:\Inkatown\nurtrophy\public_html\tracking\trackingsetcookie.php --> staging.nutrophy.com /public_html/tracking trackingsetcookie.php
2003.08.14 10:35 B D:\Inkatown\nurtrophy\public_html\tracking\trackingtopmenu.htm --> staging.nutrophy.com /public_html/tracking trackingtopmenu.htm
2003.08.14 10:35 B D:\Inkatown\nurtrophy\public_html\tracking\trackingurlsasign.php --> staging.nutrophy.com /public_html/tracking trackingurlsasign.php
2003.08.14 10:35 B D:\Inkatown\nurtrophy\public_html\tracking\trackingurlsform.php --> staging.nutrophy.com /public_html/tracking trackingurlsform.php
2003.08.14 10:35 B D:\Inkatown\nurtrophy\public_html\tracking\trackingurlsins.php --> staging.nutrophy.com /public_html/tracking trackingurlsins.php
2003.08.14 10:35 B D:\Inkatown\nurtrophy\public_html\tracking\trackingurlslistbody.php --> staging.nutrophy.com /public_html/tracking trackingurlslistbody.php
2003.08.14 10:35 B D:\Inkatown\nurtrophy\public_html\tracking\trackingurlslisttop.php --> staging.nutrophy.com /public_html/tracking trackingurlslisttop.php
2003.08.14 10:35 B D:\Inkatown\nurtrophy\public_html\tracking\trackingurlsmap.php --> staging.nutrophy.com /public_html/tracking trackingurlsmap.php
2003.08.14 10:35 B D:\Inkatown\nurtrophy\public_html\tracking\trackingurlspost.php --> staging.nutrophy.com /public_html/tracking trackingurlspost.php
2003.08.14 10:35 B D:\Inkatown\nurtrophy\public_html\tracking\trackingurlsupd.php --> staging.nutrophy.com /public_html/tracking trackingurlsupd.php
2003.08.14 10:35 B D:\Inkatown\nurtrophy\public_html\tracking\trackingusersasign.php --> staging.nutrophy.com /public_html/tracking trackingusersasign.php
2003.08.14 10:35 B D:\Inkatown\nurtrophy\public_html\tracking\trackingusersform.php --> staging.nutrophy.com /public_html/tracking trackingusersform.php
2003.08.14 10:35 B D:\Inkatown\nurtrophy\public_html\tracking\trackingusersins.php --> staging.nutrophy.com /public_html/tracking trackingusersins.php
2003.08.14 10:35 B D:\Inkatown\nurtrophy\public_html\tracking\trackinguserslistbody.php --> staging.nutrophy.com /public_html/tracking trackinguserslistbody.php
2003.08.14 10:35 B D:\Inkatown\nurtrophy\public_html\tracking\trackinguserslisttop.php --> staging.nutrophy.com /public_html/tracking trackinguserslisttop.php
2003.08.14 10:35 B D:\Inkatown\nurtrophy\public_html\tracking\trackingusersmap.php --> staging.nutrophy.com /public_html/tracking trackingusersmap.php
2003.08.14 10:35 B D:\Inkatown\nurtrophy\public_html\tracking\trackinguserspost.php --> staging.nutrophy.com /public_html/tracking trackinguserspost.php
2003.08.14 10:35 B D:\Inkatown\nurtrophy\public_html\tracking\trackingusersupd.php --> staging.nutrophy.com /public_html/tracking trackingusersupd.php
2003.08.14 10:35 B D:\Inkatown\nurtrophy\public_html\tracking\trendstats.php --> staging.nutrophy.com /public_html/tracking trendstats.php
2003.08.14 10:35 B D:\Inkatown\nurtrophy\public_html\tracking\WS_FTP.LOG --> staging.nutrophy.com /public_html/tracking WS_FTP.LOG
