2003.07.07 10:09 B C:\jose\home\public_html\tracking\index.php <-- Production /public_html/tracking index.php
2003.07.07 10:09 B C:\jose\home\public_html\tracking\trackincampaignsupd.php <-- Production /public_html/tracking trackincampaignsupd.php
2003.07.07 10:09 B C:\jose\home\public_html\tracking\trackingcampaignsasign.php <-- Production /public_html/tracking trackingcampaignsasign.php
2003.07.07 10:09 B C:\jose\home\public_html\tracking\trackingcampaignsform.php <-- Production /public_html/tracking trackingcampaignsform.php
2003.07.07 10:09 B C:\jose\home\public_html\tracking\trackingcampaignsform.php~ <-- Production /public_html/tracking trackingcampaignsform.php~
2003.07.07 10:09 B C:\jose\home\public_html\tracking\trackingcampaignsins.php <-- Production /public_html/tracking trackingcampaignsins.php
2003.07.07 10:09 B C:\jose\home\public_html\tracking\trackingcampaignslistbody.php <-- Production /public_html/tracking trackingcampaignslistbody.php
2003.07.07 10:09 B C:\jose\home\public_html\tracking\trackingcampaignslisttop.php <-- Production /public_html/tracking trackingcampaignslisttop.php
2003.07.07 10:09 B C:\jose\home\public_html\tracking\trackingcampaignsmap.php <-- Production /public_html/tracking trackingcampaignsmap.php
2003.07.07 10:09 B C:\jose\home\public_html\tracking\trackingcampaignspost.php <-- Production /public_html/tracking trackingcampaignspost.php
2003.07.07 10:09 B C:\jose\home\public_html\tracking\trackingcampaignsupd.php <-- Production /public_html/tracking trackingcampaignsupd.php
2003.07.07 10:09 B C:\jose\home\public_html\tracking\trackingcenter.htm <-- Production /public_html/tracking trackingcenter.htm
2003.07.07 10:09 B C:\jose\home\public_html\tracking\trackingcommoninc.php <-- Production /public_html/tracking trackingcommoninc.php
2003.07.07 10:09 B C:\jose\home\public_html\tracking\trackingcreatedb.php <-- Production /public_html/tracking trackingcreatedb.php
2003.07.07 10:09 B C:\jose\home\public_html\tracking\trackingdbsec.php <-- Production /public_html/tracking trackingdbsec.php
2003.07.07 10:09 B C:\jose\home\public_html\tracking\trackingentities.php <-- Production /public_html/tracking trackingentities.php
2003.07.07 10:09 B C:\jose\home\public_html\tracking\trackinglogin.php <-- Production /public_html/tracking trackinglogin.php
2003.07.07 10:09 B C:\jose\home\public_html\tracking\trackingrhandler.php <-- Production /public_html/tracking trackingrhandler.php
2003.07.07 10:09 B C:\jose\home\public_html\tracking\trackingsecurity.php <-- Production /public_html/tracking trackingsecurity.php
2003.07.07 10:09 B C:\jose\home\public_html\tracking\trackingsetcookie.php <-- Production /public_html/tracking trackingsetcookie.php
2003.07.07 10:09 B C:\jose\home\public_html\tracking\trackingtopmenu.htm <-- Production /public_html/tracking trackingtopmenu.htm
2003.07.07 10:09 B C:\jose\home\public_html\tracking\trackingurlsasign.php <-- Production /public_html/tracking trackingurlsasign.php
2003.07.07 10:09 B C:\jose\home\public_html\tracking\trackingurlsform.php <-- Production /public_html/tracking trackingurlsform.php
2003.07.07 10:09 B C:\jose\home\public_html\tracking\trackingurlsins.php <-- Production /public_html/tracking trackingurlsins.php
2003.07.07 10:09 B C:\jose\home\public_html\tracking\trackingurlslistbody.php <-- Production /public_html/tracking trackingurlslistbody.php
2003.07.07 10:09 B C:\jose\home\public_html\tracking\trackingurlslisttop.php <-- Production /public_html/tracking trackingurlslisttop.php
2003.07.07 10:09 B C:\jose\home\public_html\tracking\trackingurlsmap.php <-- Production /public_html/tracking trackingurlsmap.php
2003.07.07 10:09 B C:\jose\home\public_html\tracking\trackingurlspost.php <-- Production /public_html/tracking trackingurlspost.php
2003.07.07 10:09 B C:\jose\home\public_html\tracking\trackingurlsupd.php <-- Production /public_html/tracking trackingurlsupd.php
2003.07.07 10:09 B C:\jose\home\public_html\tracking\trackingusersasign.php <-- Production /public_html/tracking trackingusersasign.php
2003.07.07 10:09 B C:\jose\home\public_html\tracking\trackingusersform.php <-- Production /public_html/tracking trackingusersform.php
2003.07.07 10:09 B C:\jose\home\public_html\tracking\trackingusersins.php <-- Production /public_html/tracking trackingusersins.php
2003.07.07 10:09 B C:\jose\home\public_html\tracking\trackinguserslistbody.php <-- Production /public_html/tracking trackinguserslistbody.php
2003.07.07 10:09 B C:\jose\home\public_html\tracking\trackinguserslisttop.php <-- Production /public_html/tracking trackinguserslisttop.php
2003.07.07 10:09 B C:\jose\home\public_html\tracking\trackingusersmap.php <-- Production /public_html/tracking trackingusersmap.php
2003.07.07 10:09 B C:\jose\home\public_html\tracking\trackinguserspost.php <-- Production /public_html/tracking trackinguserspost.php
2003.07.07 10:09 B C:\jose\home\public_html\tracking\trackingusersupd.php <-- Production /public_html/tracking trackingusersupd.php
2003.07.07 10:09 B C:\jose\home\public_html\tracking\trendstats.php <-- Production /public_html/tracking trendstats.php
2003.08.14 10:28 B D:\Inkatown\nurtrophy\public_html\tracklivev1\ws_ftp.log <--  /public_html/tracklivev1 ws_ftp.log
2003.08.14 10:34 B D:\Inkatown\nurtrophy\public_html\tracklivev1\index.php --> staging.nutrophy.com /public_html/tracklivev1 index.php
2003.08.14 10:34 B D:\Inkatown\nurtrophy\public_html\tracklivev1\spiffyCal.css --> staging.nutrophy.com /public_html/tracklivev1 spiffyCal.css
2003.08.14 10:34 B D:\Inkatown\nurtrophy\public_html\tracklivev1\spiffyCal.js --> staging.nutrophy.com /public_html/tracklivev1 spiffyCal.js
2003.08.14 10:34 B D:\Inkatown\nurtrophy\public_html\tracklivev1\trackincampaignsupd.php --> staging.nutrophy.com /public_html/tracklivev1 trackincampaignsupd.php
2003.08.14 10:34 B D:\Inkatown\nurtrophy\public_html\tracklivev1\trackingcampaignsasign.php --> staging.nutrophy.com /public_html/tracklivev1 trackingcampaignsasign.php
2003.08.14 10:34 B D:\Inkatown\nurtrophy\public_html\tracklivev1\trackingcampaignsform.php --> staging.nutrophy.com /public_html/tracklivev1 trackingcampaignsform.php
2003.08.14 10:34 B D:\Inkatown\nurtrophy\public_html\tracklivev1\trackingcampaignsins.php --> staging.nutrophy.com /public_html/tracklivev1 trackingcampaignsins.php
2003.08.14 10:34 B D:\Inkatown\nurtrophy\public_html\tracklivev1\trackingcampaignslistbody.php --> staging.nutrophy.com /public_html/tracklivev1 trackingcampaignslistbody.php
2003.08.14 10:34 B D:\Inkatown\nurtrophy\public_html\tracklivev1\trackingcampaignslisttop.php --> staging.nutrophy.com /public_html/tracklivev1 trackingcampaignslisttop.php
2003.08.14 10:34 B D:\Inkatown\nurtrophy\public_html\tracklivev1\trackingcampaignsmap.php --> staging.nutrophy.com /public_html/tracklivev1 trackingcampaignsmap.php
2003.08.14 10:34 B D:\Inkatown\nurtrophy\public_html\tracklivev1\trackingcampaignspost.php --> staging.nutrophy.com /public_html/tracklivev1 trackingcampaignspost.php
2003.08.14 10:34 B D:\Inkatown\nurtrophy\public_html\tracklivev1\trackingcampaignsupd.php --> staging.nutrophy.com /public_html/tracklivev1 trackingcampaignsupd.php
2003.08.14 10:34 B D:\Inkatown\nurtrophy\public_html\tracklivev1\trackingcenter.htm --> staging.nutrophy.com /public_html/tracklivev1 trackingcenter.htm
2003.08.14 10:34 B D:\Inkatown\nurtrophy\public_html\tracklivev1\trackingcommoninc.php --> staging.nutrophy.com /public_html/tracklivev1 trackingcommoninc.php
2003.08.14 10:34 B D:\Inkatown\nurtrophy\public_html\tracklivev1\trackingcreatedb.php --> staging.nutrophy.com /public_html/tracklivev1 trackingcreatedb.php
2003.08.14 10:34 B D:\Inkatown\nurtrophy\public_html\tracklivev1\trackingdbsec.php --> staging.nutrophy.com /public_html/tracklivev1 trackingdbsec.php
2003.08.14 10:34 B D:\Inkatown\nurtrophy\public_html\tracklivev1\trackingentities.php --> staging.nutrophy.com /public_html/tracklivev1 trackingentities.php
2003.08.14 10:34 B D:\Inkatown\nurtrophy\public_html\tracklivev1\trackinglogin.php --> staging.nutrophy.com /public_html/tracklivev1 trackinglogin.php
2003.08.14 10:34 B D:\Inkatown\nurtrophy\public_html\tracklivev1\trackingrhandler.php --> staging.nutrophy.com /public_html/tracklivev1 trackingrhandler.php
2003.08.14 10:34 B D:\Inkatown\nurtrophy\public_html\tracklivev1\trackingsecurity.php --> staging.nutrophy.com /public_html/tracklivev1 trackingsecurity.php
2003.08.14 10:34 B D:\Inkatown\nurtrophy\public_html\tracklivev1\trackingsetcookie.php --> staging.nutrophy.com /public_html/tracklivev1 trackingsetcookie.php
2003.08.14 10:34 B D:\Inkatown\nurtrophy\public_html\tracklivev1\trackingtopmenu.htm --> staging.nutrophy.com /public_html/tracklivev1 trackingtopmenu.htm
2003.08.14 10:34 B D:\Inkatown\nurtrophy\public_html\tracklivev1\trackingurlsasign.php --> staging.nutrophy.com /public_html/tracklivev1 trackingurlsasign.php
2003.08.14 10:34 B D:\Inkatown\nurtrophy\public_html\tracklivev1\trackingurlsform.php --> staging.nutrophy.com /public_html/tracklivev1 trackingurlsform.php
2003.08.14 10:34 B D:\Inkatown\nurtrophy\public_html\tracklivev1\trackingurlsins.php --> staging.nutrophy.com /public_html/tracklivev1 trackingurlsins.php
2003.08.14 10:34 B D:\Inkatown\nurtrophy\public_html\tracklivev1\trackingurlslistbody.php --> staging.nutrophy.com /public_html/tracklivev1 trackingurlslistbody.php
2003.08.14 10:34 B D:\Inkatown\nurtrophy\public_html\tracklivev1\trackingurlslisttop.php --> staging.nutrophy.com /public_html/tracklivev1 trackingurlslisttop.php
2003.08.14 10:34 B D:\Inkatown\nurtrophy\public_html\tracklivev1\trackingurlsmap.php --> staging.nutrophy.com /public_html/tracklivev1 trackingurlsmap.php
2003.08.14 10:34 B D:\Inkatown\nurtrophy\public_html\tracklivev1\trackingurlspost.php --> staging.nutrophy.com /public_html/tracklivev1 trackingurlspost.php
2003.08.14 10:34 B D:\Inkatown\nurtrophy\public_html\tracklivev1\trackingurlsupd.php --> staging.nutrophy.com /public_html/tracklivev1 trackingurlsupd.php
2003.08.14 10:34 B D:\Inkatown\nurtrophy\public_html\tracklivev1\trackingusersasign.php --> staging.nutrophy.com /public_html/tracklivev1 trackingusersasign.php
2003.08.14 10:34 B D:\Inkatown\nurtrophy\public_html\tracklivev1\trackingusersform.php --> staging.nutrophy.com /public_html/tracklivev1 trackingusersform.php
2003.08.14 10:34 B D:\Inkatown\nurtrophy\public_html\tracklivev1\trackingusersins.php --> staging.nutrophy.com /public_html/tracklivev1 trackingusersins.php
2003.08.14 10:34 B D:\Inkatown\nurtrophy\public_html\tracklivev1\trackinguserslistbody.php --> staging.nutrophy.com /public_html/tracklivev1 trackinguserslistbody.php
2003.08.14 10:34 B D:\Inkatown\nurtrophy\public_html\tracklivev1\trackinguserslisttop.php --> staging.nutrophy.com /public_html/tracklivev1 trackinguserslisttop.php
2003.08.14 10:34 B D:\Inkatown\nurtrophy\public_html\tracklivev1\trackingusersmap.php --> staging.nutrophy.com /public_html/tracklivev1 trackingusersmap.php
2003.08.14 10:34 B D:\Inkatown\nurtrophy\public_html\tracklivev1\trackinguserspost.php --> staging.nutrophy.com /public_html/tracklivev1 trackinguserspost.php
2003.08.14 10:34 B D:\Inkatown\nurtrophy\public_html\tracklivev1\trackingusersupd.php --> staging.nutrophy.com /public_html/tracklivev1 trackingusersupd.php
2003.08.14 10:34 B D:\Inkatown\nurtrophy\public_html\tracklivev1\trendstats.php --> staging.nutrophy.com /public_html/tracklivev1 trendstats.php
2003.08.14 10:34 B D:\Inkatown\nurtrophy\public_html\tracklivev1\trendstats.php~ --> staging.nutrophy.com /public_html/tracklivev1 trendstats.php~
2003.08.14 10:34 B D:\Inkatown\nurtrophy\public_html\tracklivev1\trendstatsbackup.php --> staging.nutrophy.com /public_html/tracklivev1 trendstatsbackup.php
2003.08.14 10:34 B D:\Inkatown\nurtrophy\public_html\tracklivev1\trendstatsnew.php~ --> staging.nutrophy.com /public_html/tracklivev1 trendstatsnew.php~
2003.08.14 10:34 B D:\Inkatown\nurtrophy\public_html\tracklivev1\WS_FTP.LOG --> staging.nutrophy.com /public_html/tracklivev1 WS_FTP.LOG
