2003.07.07 10:09 B C:\jose\home\public_html\tracking\images\button_submit.gif <-- Production /public_html/tracking/images button_submit.gif
2003.07.07 10:09 B C:\jose\home\public_html\tracking\images\logo.gif <-- Production /public_html/tracking/images logo.gif
2003.07.07 10:09 B C:\jose\home\public_html\tracking\images\pills.jpg <-- Production /public_html/tracking/images pills.jpg
2003.07.07 10:09 B C:\jose\home\public_html\tracking\images\reports.jpg <-- Production /public_html/tracking/images reports.jpg
2003.07.07 10:09 B C:\jose\home\public_html\tracking\images\topBanner.jpg <-- Production /public_html/tracking/images topBanner.jpg
2003.07.07 10:09 B C:\jose\home\public_html\tracking\images\topbannertracking.jpg <-- Production /public_html/tracking/images topbannertracking.jpg
2003.07.07 10:09 B C:\jose\home\public_html\tracking\images\trackingaddbutton.jpg <-- Production /public_html/tracking/images trackingaddbutton.jpg
2003.07.07 10:09 B C:\jose\home\public_html\tracking\images\trackingclonerecordbutton.jpg <-- Production /public_html/tracking/images trackingclonerecordbutton.jpg
2003.07.07 10:09 B C:\jose\home\public_html\tracking\images\trackingcodebutton.jpg <-- Production /public_html/tracking/images trackingcodebutton.jpg
2003.07.07 10:09 B C:\jose\home\public_html\tracking\images\trackingdeletebutton.jpg <-- Production /public_html/tracking/images trackingdeletebutton.jpg
2003.07.07 10:09 B C:\jose\home\public_html\tracking\images\trackingloginnamebutton.jpg <-- Production /public_html/tracking/images trackingloginnamebutton.jpg
2003.07.07 10:09 B C:\jose\home\public_html\tracking\images\trackingnamebutton.jpg <-- Production /public_html/tracking/images trackingnamebutton.jpg
2003.07.07 10:09 B C:\jose\home\public_html\tracking\images\trackingsearchbutton.jpg <-- Production /public_html/tracking/images trackingsearchbutton.jpg
2003.07.07 10:09 B C:\jose\home\public_html\tracking\images\trackingvieweditbutton.jpg <-- Production /public_html/tracking/images trackingvieweditbutton.jpg
2003.08.14 10:28 B D:\Inkatown\nurtrophy\public_html\tracklivev1\images\ws_ftp.log <--  /public_html/tracklivev1/images ws_ftp.log
2003.08.14 10:33 B D:\Inkatown\nurtrophy\public_html\tracklivev1\images\button_submit.gif --> staging.nutrophy.com /public_html/tracklivev1/images button_submit.gif
2003.08.14 10:33 B D:\Inkatown\nurtrophy\public_html\tracklivev1\images\logo.gif --> staging.nutrophy.com /public_html/tracklivev1/images logo.gif
2003.08.14 10:34 B D:\Inkatown\nurtrophy\public_html\tracklivev1\images\pills.jpg --> staging.nutrophy.com /public_html/tracklivev1/images pills.jpg
2003.08.14 10:34 B D:\Inkatown\nurtrophy\public_html\tracklivev1\images\reports.jpg --> staging.nutrophy.com /public_html/tracklivev1/images reports.jpg
2003.08.14 10:34 B D:\Inkatown\nurtrophy\public_html\tracklivev1\images\topBanner.jpg --> staging.nutrophy.com /public_html/tracklivev1/images topBanner.jpg
2003.08.14 10:34 B D:\Inkatown\nurtrophy\public_html\tracklivev1\images\topbannertracking.jpg --> staging.nutrophy.com /public_html/tracklivev1/images topbannertracking.jpg
2003.08.14 10:34 B D:\Inkatown\nurtrophy\public_html\tracklivev1\images\trackingaddbutton.jpg --> staging.nutrophy.com /public_html/tracklivev1/images trackingaddbutton.jpg
2003.08.14 10:34 B D:\Inkatown\nurtrophy\public_html\tracklivev1\images\trackingclonerecordbutton.jpg --> staging.nutrophy.com /public_html/tracklivev1/images trackingclonerecordbutton.jpg
2003.08.14 10:34 B D:\Inkatown\nurtrophy\public_html\tracklivev1\images\trackingcodebutton.jpg --> staging.nutrophy.com /public_html/tracklivev1/images trackingcodebutton.jpg
2003.08.14 10:34 B D:\Inkatown\nurtrophy\public_html\tracklivev1\images\trackingdeletebutton.jpg --> staging.nutrophy.com /public_html/tracklivev1/images trackingdeletebutton.jpg
2003.08.14 10:34 B D:\Inkatown\nurtrophy\public_html\tracklivev1\images\trackingloginnamebutton.jpg --> staging.nutrophy.com /public_html/tracklivev1/images trackingloginnamebutton.jpg
2003.08.14 10:34 B D:\Inkatown\nurtrophy\public_html\tracklivev1\images\trackingnamebutton.jpg --> staging.nutrophy.com /public_html/tracklivev1/images trackingnamebutton.jpg
2003.08.14 10:34 B D:\Inkatown\nurtrophy\public_html\tracklivev1\images\trackingsearchbutton.jpg --> staging.nutrophy.com /public_html/tracklivev1/images trackingsearchbutton.jpg
2003.08.14 10:34 B D:\Inkatown\nurtrophy\public_html\tracklivev1\images\trackingvieweditbutton.jpg --> staging.nutrophy.com /public_html/tracklivev1/images trackingvieweditbutton.jpg
2003.08.14 10:34 B D:\Inkatown\nurtrophy\public_html\tracklivev1\images\WS_FTP.LOG --> staging.nutrophy.com /public_html/tracklivev1/images WS_FTP.LOG
